0 info it worked if it ends with ok
1 verbose cli [ '/usr/bin/nodejs',
1 verbose cli   '/usr/bin/npm',
1 verbose cli   'install',
1 verbose cli   'socket.io,',
1 verbose cli   'twitter' ]
2 info using npm@3.10.10
3 info using node@v6.10.2
4 silly loadCurrentTree Starting
5 silly install loadCurrentTree
6 silly install readLocalPackageData
7 silly fetchPackageMetaData socket.io,
8 silly fetchPackageMetaData twitter
9 silly fetchOtherPackageData socket.io,
10 silly cache add args [ 'socket.io,', null ]
11 verbose cache add spec socket.io,
12 silly fetchNamedPackageData twitter
13 silly mapToRegistry name twitter
14 silly mapToRegistry using default registry
15 silly mapToRegistry registry https://registry.npmjs.org/
16 silly mapToRegistry data Result {
16 silly mapToRegistry   raw: 'twitter',
16 silly mapToRegistry   scope: null,
16 silly mapToRegistry   escapedName: 'twitter',
16 silly mapToRegistry   name: 'twitter',
16 silly mapToRegistry   rawSpec: '',
16 silly mapToRegistry   spec: 'latest',
16 silly mapToRegistry   type: 'tag' }
17 silly mapToRegistry uri https://registry.npmjs.org/twitter
18 silly cache add parsed spec Result {
18 silly cache add   raw: 'socket.io,',
18 silly cache add   scope: null,
18 silly cache add   escapedName: null,
18 silly cache add   name: null,
18 silly cache add   rawSpec: 'socket.io,',
18 silly cache add   spec: '/home/eslam/Defi_Twitter/socket.io,',
18 silly cache add   type: 'local' }
19 verbose request uri https://registry.npmjs.org/twitter
20 verbose request no auth needed
21 info attempt registry request try #1 at 10:56:11 AM
22 verbose request id b433d084c56d80e8
23 http request GET https://registry.npmjs.org/twitter
24 error addLocal Could not install /home/eslam/Defi_Twitter/socket.io,
25 silly fetchPackageMetaData Error: ENOENT: no such file or directory, open '/home/eslam/Defi_Twitter/socket.io,'
25 silly fetchPackageMetaData     at Error (native)
25 silly fetchPackageMetaData  error for socket.io, { Error: ENOENT: no such file or directory, open '/home/eslam/Defi_Twitter/socket.io,'
25 silly fetchPackageMetaData     at Error (native)
25 silly fetchPackageMetaData   errno: -2,
25 silly fetchPackageMetaData   code: 'ENOENT',
25 silly fetchPackageMetaData   syscall: 'open',
25 silly fetchPackageMetaData   path: '/home/eslam/Defi_Twitter/socket.io,' }
26 http 200 https://registry.npmjs.org/twitter
27 verbose headers { server: 'nginx/1.10.1',
27 verbose headers   'content-type': 'application/json',
27 verbose headers   'last-modified': 'Sun, 26 Mar 2017 18:15:35 GMT',
27 verbose headers   etag: 'W/"58d80547-d021"',
27 verbose headers   'content-encoding': 'gzip',
27 verbose headers   'cache-control': 'max-age=300',
27 verbose headers   'content-length': '7576',
27 verbose headers   'accept-ranges': 'bytes',
27 verbose headers   date: 'Sat, 08 Apr 2017 08:56:13 GMT',
27 verbose headers   via: '1.1 varnish',
27 verbose headers   age: '31',
27 verbose headers   connection: 'keep-alive',
27 verbose headers   'x-served-by': 'cache-lcy1131-LCY',
27 verbose headers   'x-cache': 'HIT',
27 verbose headers   'x-cache-hits': '1',
27 verbose headers   'x-timer': 'S1491641774.587079,VS0,VE1',
27 verbose headers   vary: 'Accept-Encoding' }
28 silly get cb [ 200,
28 silly get   { server: 'nginx/1.10.1',
28 silly get     'content-type': 'application/json',
28 silly get     'last-modified': 'Sun, 26 Mar 2017 18:15:35 GMT',
28 silly get     etag: 'W/"58d80547-d021"',
28 silly get     'content-encoding': 'gzip',
28 silly get     'cache-control': 'max-age=300',
28 silly get     'content-length': '7576',
28 silly get     'accept-ranges': 'bytes',
28 silly get     date: 'Sat, 08 Apr 2017 08:56:13 GMT',
28 silly get     via: '1.1 varnish',
28 silly get     age: '31',
28 silly get     connection: 'keep-alive',
28 silly get     'x-served-by': 'cache-lcy1131-LCY',
28 silly get     'x-cache': 'HIT',
28 silly get     'x-cache-hits': '1',
28 silly get     'x-timer': 'S1491641774.587079,VS0,VE1',
28 silly get     vary: 'Accept-Encoding' } ]
29 verbose get saving twitter to /home/eslam/.npm/registry.npmjs.org/twitter/.cache.json
30 verbose correctMkdir /home/eslam/.npm correctMkdir not in flight; initializing
31 silly rollbackFailedOptional Starting
32 silly rollbackFailedOptional Finishing
33 silly runTopLevelLifecycles Finishing
34 silly install printInstalled
35 verbose stack Error: ENOENT: no such file or directory, open '/home/eslam/Defi_Twitter/socket.io,'
35 verbose stack     at Error (native)
36 verbose cwd /home/eslam/Defi_Twitter
37 error Linux 3.16.0-4-amd64
38 error argv "/usr/bin/nodejs" "/usr/bin/npm" "install" "socket.io," "twitter"
39 error node v6.10.2
40 error npm  v3.10.10
41 error path /home/eslam/Defi_Twitter/socket.io,
42 error code ENOENT
43 error errno -2
44 error syscall open
45 error enoent ENOENT: no such file or directory, open '/home/eslam/Defi_Twitter/socket.io,'
46 error enoent ENOENT: no such file or directory, open '/home/eslam/Defi_Twitter/socket.io,'
46 error enoent This is most likely not a problem with npm itself
46 error enoent and is related to npm not being able to find a file.
47 verbose exit [ -2, true ]
